Wed Nov 30 15:28:16 2022    profile/example_Satori_batch_2_nodes12

         7797 function calls (7713 primitive calls) in 153.091 seconds

   Ordered by: cumulative time

   ncalls  tottime  percall  cumtime  percall filename:lineno(function)
        1    0.000    0.000    0.000    0.000 argparse.py:2468(<listcomp>)
        1    0.000    0.000    0.000    0.000 {built-in method builtins.iter}
        1    0.000    0.000    0.000    0.000 context.py:213(_check_available)
        1    0.000    0.000    0.000    0.000 {method 'groups' of 're.Match' objects}
        1    0.000    0.000    0.000    0.000 {method 'write' of '_io.TextIOWrapper' objects}
        1    0.000    0.000    0.000    0.000 argparse.py:134(_get_args)
        1    0.000    0.000    0.000    0.000 argparse.py:1295(__init__)
        1    0.000    0.000    0.000    0.000 {built-in method _imp.exec_dynamic}
        1    0.000    0.000    0.000    0.000 __init__.py:96(<lambda>)
        2    0.000    0.000    0.000    0.000 {built-in method _stat.S_ISDIR}
        2    0.000    0.000    0.000    0.000 selectors.py:200(__enter__)
        1    0.000    0.000    0.000    0.000 {method 'values' of 'dict' objects}
        4    0.000    0.000    0.000    0.000 <frozen importlib._bootstrap_external>:1031(get_filename)
        1    0.000    0.000    0.000    0.000 popen_spawn_posix.py:16(_DupFd)
        3    0.000    0.000    0.000    0.000 spawn.py:45(get_executable)
        1    0.000    0.000    0.000    0.000 argparse.py:958(__call__)
        4    0.000    0.000    0.000    0.000 process.py:37(current_process)
        4    0.000    0.000    0.000    0.000 sre_parse.py:163(__delitem__)
        4    0.000    0.000    0.000    0.000 <frozen importlib._bootstrap_external>:841(create_module)
        4    0.000    0.000    0.000    0.000 connection.py:168(writable)
        2    0.000    0.000    0.000    0.000 process.py:205(daemon)
        2    0.000    0.000    0.000    0.000 process.py:213(authkey)
        1    0.000    0.000    0.000    0.000 argparse.py:2177(<listcomp>)
        5    0.000    0.000    0.000    0.000 <frozen importlib._bootstrap>:406(has_location)
        1    0.000    0.000    0.000    0.000 {built-in method builtins.locals}
        1    0.000    0.000    0.000    0.000 {method 'disable' of '_lsprof.Profiler' objects}
        1    0.000    0.000    0.000    0.000 popen_spawn_posix.py:26(Popen)
        2    0.000    0.000    0.000    0.000 {built-in method posix.waitstatus_to_exitcode}
        2    0.000    0.000    0.000    0.000 {method 'size' of 'torch._C.HalfStorageBase' objects}
        3    0.000    0.000    0.000    0.000 {method 'index' of 'str' objects}
        4    0.000    0.000    0.000    0.000 connection.py:139(_check_closed)
        8    0.000    0.000    0.000    0.000 <frozen importlib._bootstrap_external>:68(_relax_case)
       10    0.000    0.000    0.000    0.000 {built-in method builtins.ord}
        2    0.000    0.000    0.000    0.000 {method '_weak_ref' of 'torch._C.HalfStorageBase' objects}
        6    0.000    0.000    0.000    0.000 util.py:44(sub_debug)
        7    0.000    0.000    0.000    0.000 serialization.py:205(__exit__)
        1    0.000    0.000    0.000    0.000 codecs.py:186(__init__)
        1    0.000    0.000    0.000    0.000 <frozen importlib._bootstrap_external>:175(_path_isabs)
        4    0.000    0.000    0.000    0.000 {built-in method time.perf_counter_ns}
        4    0.000    0.000    0.000    0.000 {built-in method builtins.id}
        7    0.000    0.000    0.000    0.000 argparse.py:613(<listcomp>)
        4    0.000    0.000    0.000    0.000 connection.py:163(readable)
        5    0.000    0.000    0.000    0.000 {method 'get' of 'mappingproxy' objects}
        2    0.000    0.000    0.000    0.000 argparse.py:579(<listcomp>)
        7    0.000    0.000    0.000    0.000 storage.py:13(__init__)
        1    0.000    0.000    0.000    0.000 {built-in method _imp.is_builtin}
        4    0.000    0.000    0.000    0.000 {method 'decode' of 'bytes' objects}
       11    0.000    0.000    0.000    0.000 {method 'extend' of 'list' objects}
       10    0.000    0.000    0.000    0.000 {built-in method _thread.get_ident}
        1    0.000    0.000    0.000    0.000 argparse.py:1817(<listcomp>)
       15    0.000    0.000    0.000    0.000 {method 'isalnum' of 'str' objects}
        4    0.000    0.000    0.000    0.000 util.py:48(debug)
        2    0.000    0.000    0.000    0.000 connection.py:938(<listcomp>)
        2    0.000    0.000    0.000    0.000 {method 'clear' of 'dict' objects}
        3    0.000    0.000    0.000    0.000 {method 'register' of 'select.poll' objects}
        4    0.000    0.000    0.000    0.000 {method 'find' of 'bytearray' objects}
        1    0.000    0.000    0.000    0.000 argparse.py:2173(<listcomp>)
       12    0.000    0.000    0.000    0.000 {method 'group' of 're.Match' objects}
        2    0.000    0.000    0.000    0.000 {method 'write' of '_io.BufferedWriter' objects}
        9    0.000    0.000    0.000    0.000 sre_parse.py:169(__setitem__)
       12    0.000    0.000    0.000    0.000 {method 'items' of 'dict' objects}
        2    0.000    0.000    0.000    0.000 {method 'index' of 'list' objects}
        2    0.000    0.000    0.000    0.000 {built-in method torch._C._cuda_getDeviceCount}
       10    0.000    0.000    0.000    0.000 sre_compile.py:477(_get_iscased)
        2    0.000    0.000    0.000    0.000 utils.py:280(__init__)
        7    0.000    0.000    0.000    0.000 {method 'clear' of 'list' objects}
        7    0.000    0.000    0.000    0.000 sre_compile.py:81(_combine_flags)
        1    0.000    0.000    0.000    0.000 resource_tracker.py:46(ResourceTracker)
       14    0.000    0.000    0.000    0.000 {method 'lower' of 'str' objects}
        1    0.000    0.000    0.000    0.000 resource_tracker.py:48(__init__)
       13    0.000    0.000    0.000    0.000 argparse.py:2501(_check_value)
        7    0.000    0.000    0.000    0.000 {built-in method torch._C._has_torch_function_unary}
       12    0.000    0.000    0.000    0.000 {method '_weak_ref' of 'torch._C.LongStorageBase' objects}
        1    0.000    0.000    0.000    0.000 {built-in method posix.uname}
        9    0.000    0.000    0.000    0.000 {method 'rfind' of 'str' objects}
        1    0.000    0.000    0.000    0.000 argparse.py:1816(_get_positional_actions)
       14    0.000    0.000    0.000    0.000 {method 'remove' of 'list' objects}
        1    0.000    0.000    0.000    0.000 popen_fork.py:12(Popen)
       12    0.000    0.000    0.000    0.000 {method 'size' of 'torch._C.LongStorageBase' objects}
       18    0.000    0.000    0.000    0.000 {method 'find' of 'str' objects}
        5    0.000    0.000    0.000    0.000 {built-in method _imp.is_frozen}
       12    0.000    0.000    0.000    0.000 {built-in method from_bytes}
       14    0.000    0.000    0.000    0.000 {method 'has_names' of 'torch._C._TensorBase' objects}
        2    0.000    0.000    0.000    0.000 {method 'copy' of 'list' objects}
        1    0.000    0.000    0.000    0.000 <frozen importlib._bootstrap_external>:1155(__init__)
        2    0.000    0.000    0.000    0.000 sre_compile.py:456(_generate_overlap_table)
       23    0.000    0.000    0.000    0.000 {method 'reverse' of 'list' objects}
        4    0.000    0.000    0.000    0.000 __init__.py:464(__getnewargs__)
       32    0.000    0.000    0.000    0.000 {method 'bit_length' of 'int' objects}
        3    0.000    0.000    0.000    0.000 selectors.py:21(_fileobj_to_fd)
        4    0.000    0.000    0.000    0.000 {built-in method _weakref._remove_dead_weakref}
        4    0.000    0.000    0.000    0.000 {built-in method _imp._fix_co_filename}
        2    0.000    0.000    0.000    0.000 _weakrefset.py:39(_remove)
        5    0.000    0.000    0.000    0.000 <frozen importlib._bootstrap>:152(__init__)
        4    0.000    0.000    0.000    0.000 connection.py:173(fileno)
        2    0.000    0.000    0.000    0.000 selectors.py:276(_key_from_fd)
        6    0.000    0.000    0.000    0.000 {built-in method _sre.compile}
        6    0.000    0.000    0.000    0.000 spawn.py:87(<genexpr>)
        7    0.000    0.000    0.000    0.000 {built-in method _free_weak_ref}
        9    0.000    0.000    0.000    0.000 {method 'keys' of 'dict' objects}
        7    0.000    0.000    0.000    0.000 serialization.py:815(_get_restore_location)
       14    0.000    0.000    0.000    0.000 serialization.py:202(__enter__)
       14    0.000    0.000    0.000    0.000 {method 'storage_offset' of 'torch._C._TensorBase' objects}
        2    0.000    0.000    0.000    0.000 context.py:249(get_start_method)
        2    0.000    0.000    0.000    0.000 process.py:247(sentinel)
        4    0.000    0.000    0.000    0.000 context.py:197(get_start_method)
        2    0.000    0.000    0.000    0.000 argparse.py:1517(_get_positional_kwargs)
        1    0.000    0.000    0.000    0.000 posixpath.py:140(basename)
        1    0.000    0.000    0.000    0.000 main.py:69(get_model_type)
        1    0.000    0.000    0.000    0.000 {built-in method _locale.nl_langinfo}
        2    0.000    0.000    0.000    0.000 {method 'getbuffer' of '_io.BytesIO' objects}
       43    0.000    0.000    0.000    0.000 {method 'setdefault' of 'dict' objects}
        4    0.000    0.000    0.000    0.000 os.py:758(decode)
        2    0.000    0.000    0.000    0.000 utils.py:289(stop)
        6    0.000    0.000    0.000    0.000 sre_parse.py:76(__init__)
        8    0.000    0.000    0.000    0.000 process.py:99(_check_closed)
        2    0.000    0.000    0.000    0.000 utils.py:284(__enter__)
        5    0.000    0.000    0.000    0.000 <frozen importlib._bootstrap>:736(find_spec)
        1    0.000    0.000    0.000    0.000 __init__.py:74(is_available)
        7    0.000    0.000    0.000    0.000 {method 'seek' of '_io.BufferedReader' objects}
        7    0.000    0.000    0.000    0.000 serialization.py:126(_cpu_deserialize)
       12    0.000    0.000    0.000    0.000 {method 'split' of 'str' objects}
        3    0.000    0.000    0.000    0.000 subprocess.py:272(_optim_args_from_interpreter_flags)
       18    0.000    0.000    0.000    0.000 popen_spawn_posix.py:17(__init__)
        3    0.000    0.000    0.000    0.000 sre_compile.py:516(_get_charset_prefix)
        4    0.000    0.000    0.000    0.000 <frozen importlib._bootstrap>:35(_new_module)
        2    0.000    0.000    0.000    0.000 {built-in method select.poll}
        6    0.000    0.000    0.000    0.000 context.py:357(assert_spawning)
        2    0.000    0.000    0.000    0.000 process.py:224(exitcode)
        7    0.000    0.000    0.000    0.000 context.py:187(get_context)
        2    0.000    0.000    0.000    0.000 {built-in method posix.putenv}
       13    0.000    0.000    0.000    0.000 posixpath.py:41(_get_sep)
        1    0.000    0.000    0.000    0.000 argparse.py:1086(__init__)
        2    0.000    0.000    0.000    0.000 process.py:189(name)
       21    0.000    0.000    0.000    0.000 __init__.py:62(get_sharing_strategy)
        3    0.000    0.000    0.000    0.000 argparse.py:1571(_get_handler)
       30    0.000    0.000    0.000    0.000 {built-in method _imp.release_lock}
        4    0.000    0.000    0.000    0.000 <frozen importlib._bootstrap_external>:1006(__init__)
        3    0.000    0.000    0.000    0.000 selectors.py:216(_fileobj_lookup)
        4    0.000    0.000    0.000    0.000 <frozen importlib._bootstrap_external>:523(_check_name_wrapper)
        6    0.000    0.000    0.000    0.000 sre_parse.py:928(fix_flags)
        2    0.000    0.000    0.000    0.000 queues.py:355(__getstate__)
        1    0.000    0.000    0.000    0.000 __init__.py:451(device_count)
        7    0.000    0.000    0.000    0.000 serialization.py:314(_check_dill_version)
        9    0.000    0.000    0.000    0.000 <frozen importlib._bootstrap_external>:1346(_path_importer_cache)
        1    0.000    0.000    0.000    0.000 <frozen importlib._bootstrap_external>:1179(exec_module)
        4    0.000    0.000    0.000    0.000 synchronize.py:90(_make_methods)
       13    0.000    0.000    0.000    0.000 pathlib.py:102(join_parsed_parts)
       20    0.000    0.000    0.000    0.000 sre_parse.py:82(groups)
       32    0.000    0.000    0.000    0.000 {method 'add' of 'set' objects}
        5    0.000    0.000    0.000    0.000 <frozen importlib._bootstrap>:351(__init__)
        3    0.000    0.000    0.000    0.000 <string>:1(<lambda>)
       25    0.000    0.000    0.000    0.000 argparse.py:2183(_parse_optional)
        1    0.000    0.000    0.000    0.000 argparse.py:131(_get_kwargs)
        5    0.000    0.000    0.000    0.000 <frozen importlib._bootstrap>:811(find_spec)
       13    0.000    0.000    0.000    0.000 argparse.py:935(__call__)
       12    0.000    0.000    0.000    0.000 sre_compile.py:619(isstring)
        4    0.000    0.000    0.000    0.000 sre_parse.py:85(opengroup)
        4    0.000    0.000    0.000    0.000 process.py:94(<genexpr>)
        7    0.000    0.000    0.000    0.000 serialization.py:869(UnpicklerWrapper)
       37    0.000    0.000    0.000    0.000 {method 'isidentifier' of 'str' objects}
        2    0.000    0.000    0.000    0.000 {built-in method posix.getcwd}
       38    0.000    0.000    0.000    0.000 enum.py:792(value)
        4    0.000    0.000    0.000    0.000 context.py:354(set_spawning_popen)
       56    0.000    0.000    0.000    0.000 {method 'getrandbits' of '_random.Random' objects}
        4    0.000    0.000    0.000    0.000 sre_compile.py:265(_compile_charset)
       41    0.000    0.000    0.000    0.000 {method 'startswith' of 'str' objects}
       17    0.000    0.000    0.000    0.000 pathlib.py:1089(_init)
        7    0.000    0.000    0.000    0.000 reductions.py:35(__del__)
        1    0.000    0.000    0.000    0.000 context.py:233(get_context)
       21    0.000    0.000    0.000    0.000 sre_parse.py:112(__init__)
        4    0.000    0.000    0.000    0.000 weakref.py:353(__init__)
       48    0.000    0.000    0.000    0.000 {built-in method posix.fspath}
       13    0.000    0.000    0.000    0.000 argparse.py:2044(<listcomp>)
       16    0.000    0.000    0.000    0.000 <frozen importlib._bootstrap_external>:129(<genexpr>)
       14    0.000    0.000    0.000    0.000 serialization.py:803(_maybe_decode_ascii)
       88    0.000    0.000    0.000    0.000 {method 'rstrip' of 'str' objects}
       28    0.000    0.000    0.000    0.000 sre_parse.py:250(match)
        2    0.000    0.000    0.000    0.000 resource_tracker.py:66(getfd)
        1    0.000    0.000    0.000    0.000 _bootlocale.py:33(getpreferredencoding)
        4    0.000    0.000    0.000    0.000 {built-in method builtins.sorted}
        4    0.000    0.000    0.000    0.000 {method 'discard' of 'set' objects}
       14    0.000    0.000    0.000    0.000 {method 'tell' of '_io.BufferedReader' objects}
        2    0.000    0.000    0.000    0.000 spawn.py:132(_check_not_importing_main)
       20    0.000    0.000    0.000    0.000 <frozen importlib._bootstrap>:874(__enter__)
       40    0.000    0.000    0.000    0.000 {method 'lstrip' of 'str' objects}
       11    0.000    0.000    0.000    0.000 {built-in method _thread.allocate_lock}
        5    0.000    0.000    0.000    0.000 <frozen importlib._bootstrap>:185(cb)
        2    0.000    0.000    0.000    0.000 selectors.py:64(__init__)
       42    0.000    0.000    0.000    0.000 {method 'endswith' of 'str' objects}
       20    0.000    0.000    0.000    0.000 <frozen importlib._bootstrap>:878(__exit__)
        2    0.000    0.000    0.000    0.000 {built-in method _signal.pthread_sigmask}
       92    0.000    0.000    0.000    0.000 {built-in method builtins.callable}
       18    0.000    0.000    0.000    0.000 popen_spawn_posix.py:34(duplicate_for_child)
        8    0.000    0.000    0.000    0.000 sre_parse.py:356(_escape)
       14    0.000    0.000    0.000    0.000 hooks.py:54(warn_if_has_hooks)
        6    0.000    0.000    0.000    0.000 argparse.py:941(__init__)
       23    0.000    0.000    0.000    0.000 sre_parse.py:287(tell)
       28    0.000    0.000    0.000    0.000 sre_parse.py:173(append)
        4    0.000    0.000    0.000    0.000 <frozen importlib._bootstrap_external>:593(_validate_timestamp_pyc)
       81    0.000    0.000    0.000    0.000 {method 'pop' of 'dict' objects}
       14    0.000    0.000    0.000    0.000 serialization.py:199(__init__)
       66    0.000    0.000    0.000    0.000 {method 'replace' of 'str' objects}
       34    0.000    0.000    0.000    0.000 {method '__exit__' of '_thread.lock' objects}
       14    0.000    0.000    0.000    0.000 {method 'stride' of 'torch._C._TensorBase' objects}
       28    0.000    0.000    0.000    0.000 {built-in method __new__ of type object at 0x558da51a12c0}
        2    0.000    0.000    0.000    0.000 pathlib.py:1434(is_dir)
       30    0.000    0.000    0.000    0.000 {built-in method _imp.acquire_lock}
        7    0.000    0.000    0.000    0.000 serialization.py:193(_is_path)
        4    0.000    0.000    0.000    0.000 weakref.py:348(__new__)
       39    0.000    0.000    0.000    0.000 {method 'fileno' of '_io.TextIOWrapper' objects}
        2    0.000    0.000    0.000    0.000 util.py:461(close_fds)
        3    0.000    0.000    0.000    0.000 os.py:804(fsencode)
        7    0.000    0.000    0.000    0.000 _utils.py:158(_validate_loaded_sparse_tensors)
       38    0.000    0.000    0.000    0.000 argparse.py:203(__init__)
        4    0.000    0.000    0.000    0.000 connection.py:365(_close)
       29    0.000    0.000    0.000    0.000 {built-in method sys.intern}
        9    0.000    0.000    0.000    0.000 sre_compile.py:447(_simple)
        6    0.000    0.000    0.000    0.000 sre_parse.py:225(__init__)
       38    0.000    0.000    0.000    0.000 argparse.py:1580(_check_conflict)
       26    0.000    0.000    0.000    0.000 {built-in method posix.getpid}
        5    0.000    0.000    0.000    0.000 <frozen importlib._bootstrap>:112(release)
       45    0.000    0.000    0.000    0.000 sre_parse.py:161(__len__)
       12    0.000    0.000    0.000    0.000 <frozen importlib._bootstrap_external>:79(_unpack_uint32)
        2    0.000    0.000    0.000    0.000 _weakrefset.py:86(add)
        4    0.000    0.000    0.000    0.000 sre_compile.py:292(_optimize_charset)
        4    0.000    0.000    0.000    0.000 sre_parse.py:97(closegroup)
      7/5    0.000    0.000    0.000    0.000 sre_compile.py:485(_get_literal_prefix)
        3    0.000    0.000    0.000    0.000 __init__.py:43(normalize_encoding)
        2    0.000    0.000    0.000    0.000 os.py:682(__setitem__)
        4    0.000    0.000    0.000    0.000 synchronize.py:100(__getstate__)
       14    0.000    0.000    0.000    0.000 _namedtensor_internals.py:10(check_serializing_named_tensor)
        2    0.000    0.000    0.000    0.000 pathlib.py:677(__reduce__)
       14    0.000    0.000    0.000    0.000 argparse.py:2286(_get_nargs_pattern)
       47    0.000    0.000    0.000    0.000 <frozen importlib._bootstrap>:231(_verbose_message)
        5    0.000    0.000    0.000    0.000 __init__.py:89(find_spec)
        4    0.000    0.000    0.000    0.000 {built-in method _multiprocessing.sem_unlink}
       28    0.000    0.000    0.000    0.000 context.py:351(get_spawning_popen)
        6    0.000    0.000    0.000    0.000 argparse.py:964(__init__)
        7    0.000    0.000    0.000    0.000 serialization.py:173(default_restore_location)
        2    0.000    0.000    0.000    0.000 selectors.py:269(close)
       19    0.000    0.000    0.000    0.000 pathlib.py:303(splitroot)
        4    0.000    0.000    0.000    0.000 connection.py:122(__init__)
        1    0.000    0.000    0.000    0.000 {method 'long' of 'torch._C._TensorBase' objects}
        1    0.000    0.000    0.000    0.000 spawn.py:73(<dictcomp>)
        4    0.000    0.000    0.000    0.000 weakref.py:106(remove)
        2    0.000    0.000    0.000    0.000 utils.py:234(__str__)
       38    0.000    0.000    0.000    0.000 argparse.py:575(_metavar_formatter)
        5    0.000    0.000    0.000    0.000 <frozen importlib._bootstrap>:160(__exit__)
       37    0.000    0.000    0.000    0.000 argparse.py:1363(register)
        2    0.000    0.000    0.000    0.000 selectors.py:203(__exit__)
       11    0.000    0.000    0.000    0.000 {method 'format' of 'str' objects}
       38    0.000    0.000    0.000    0.000 argparse.py:584(format)
        5    0.000    0.000    0.000    0.000 <frozen importlib._bootstrap>:87(acquire)
        1    0.000    0.000    0.000    0.000 {function Random.seed at 0x14cda8a8e820}
      101    0.000    0.000    0.000    0.000 {built-in method builtins.min}
      104    0.000    0.000    0.000    0.000 {method 'encode' of 'str' objects}
       45    0.000    0.000    0.000    0.000 sre_parse.py:234(__next)
       58    0.000    0.000    0.000    0.000 {built-in method builtins.setattr}
        4    0.000    0.000    0.000    0.000 <frozen importlib._bootstrap_external>:560(_classify_pyc)
        1    0.000    0.000    0.000    0.000 ddp.py:12(set_master)
        1    0.000    0.000    0.000    0.000 {method 'to' of 'torch._C._TensorBase' objects}
        2    0.000    0.000    0.000    0.000 process.py:61(_cleanup)
        5    0.000    0.000    0.000    0.000 copyreg.py:103(_slotnames)
       34    0.000    0.000    0.000    0.000 sre_parse.py:255(get)
       16    0.000    0.000    0.000    0.000 argparse.py:2475(_get_value)
        4    0.000    0.000    0.000    0.000 <frozen importlib._bootstrap_external>:1077(path_stats)
       38    0.000    0.000    0.000    0.000 types.py:171(__get__)
        4    0.000    0.000    0.000    0.000 connection.py:135(__del__)
       50    0.000    0.000    0.000    0.000 {method 'match' of 're.Pattern' objects}
        1    0.000    0.000    0.000    0.000 spawn.py:11(<module>)
        4    0.000    0.000    0.000    0.000 process.py:344(__reduce__)
       10    0.000    0.000    0.000    0.000 pathlib.py:725(_format_parsed_parts)
        5    0.000    0.000    0.000    0.000 <frozen importlib._bootstrap>:58(__init__)
        9    0.000    0.000    0.000    0.000 resource_tracker.py:134(_check_alive)
       14    0.000    0.000    0.000    0.000 enum.py:670(__new__)
        6    0.000    0.000    0.000    0.000 enum.py:977(__and__)
       49    0.000    0.000    0.000    0.000 {built-in method builtins.max}
       17    0.000    0.000    0.000    0.000 {built-in method posix.write}
       13    0.000    0.000    0.000    0.000 pathlib.py:715(_from_parsed_parts)
        5    0.000    0.000    0.000    0.000 <frozen importlib._bootstrap_external>:696(spec_from_file_location)
       14    0.000    0.000    0.000    0.000 {built-in method posix.fstat}
        4    0.000    0.000    0.000    0.000 connection.py:972(reduce_connection)
      167    0.000    0.000    0.000    0.000 {method 'get' of 'dict' objects}
        1    0.000    0.000    0.000    0.000 random.py:126(seed)
       38    0.000    0.000    0.000    0.000 argparse.py:820(__init__)
        4    0.000    0.000    0.000    0.000 {method 'flush' of '_io.TextIOWrapper' objects}
        1    0.000    0.000    0.000    0.000 random.py:117(__init__)
        3    0.000    0.000    0.000    0.000 locale.py:352(_replace_encoding)
       14    0.000    0.000    0.000    0.000 reductions.py:26(__init__)
       12    0.000    0.000    0.000    0.000 _collections_abc.py:760(get)
        8    0.000    0.000    0.000    0.000 <frozen importlib._bootstrap_external>:127(_path_split)
       40    0.000    0.000    0.000    0.000 <frozen importlib._bootstrap_external>:123(<listcomp>)
        3    0.000    0.000    0.000    0.000 selectors.py:235(register)
        1    0.000    0.000    0.000    0.000 popen_fork.py:1(<module>)
       14    0.000    0.000    0.000    0.000 {method 'size' of 'torch._C._TensorBase' objects}
       77    0.000    0.000    0.000    0.000 {method 'rpartition' of 'str' objects}
        7    0.000    0.000    0.000    0.000 serialization.py:889(_is_torchscript_zip)
        1    0.000    0.000    0.000    0.000 spawn.py:70(__init__)
       92    0.000    0.000    0.000    0.000 argparse.py:1367(_registry_get)
        2    0.000    0.000    0.000    0.000 argparse.py:1620(__init__)
        6    0.000    0.000    0.000    0.000 {method 'copy' of 'dict' objects}
       19    0.000    0.000    0.000    0.000 {built-in method posix.close}
       14    0.000    0.000    0.000    0.000 reductions.py:273(fd_id)
      139    0.000    0.000    0.000    0.000 {built-in method builtins.hasattr}
       38    0.000    0.000    0.000    0.000 argparse.py:1567(_pop_action_class)
    25/10    0.000    0.000    0.000    0.000 sre_parse.py:175(getwidth)
       30    0.000    0.000    0.000    0.000 argparse.py:906(__init__)
        2    0.000    0.000    0.000    0.000 argparse.py:1443(add_argument_group)
        2    0.000    0.000    0.000    0.000 selectors.py:210(__init__)
      113    0.000    0.000    0.000    0.000 sre_parse.py:165(__getitem__)
       96    0.000    0.000    0.000    0.000 {built-in method builtins.getattr}
       32    0.000    0.000    0.000    0.000 random.py:237(_randbelow_with_getrandbits)
       10    0.000    0.000    0.000    0.000 {built-in method posix.pipe}
       84    0.000    0.000    0.000    0.000 {method 'join' of 'str' objects}
        2    0.000    0.000    0.000    0.000 util.py:433(_flush_std_streams)
        3    0.000    0.000    0.000    0.000 selectors.py:352(register)
       12    0.000    0.000    0.000    0.000 posixpath.py:71(join)
        2    0.000    0.000    0.000    0.000 utils.py:292(__exit__)
       18    0.000    0.000    0.000    0.000 reduction.py:191(DupFd)
       13    0.000    0.000    0.000    0.000 pathlib.py:742(__str__)
        4    0.000    0.000    0.000    0.000 resource_tracker.py:149(unregister)
        2    0.000    0.000    0.000    0.000 connection.py:521(Pipe)
       14    0.000    0.000    0.000    0.000 reductions.py:59(__setitem__)
        4    0.000    0.000    0.000    0.000 tempfile.py:138(rng)
       15    0.000    0.000    0.000    0.000 {function _load.<locals>.UnpicklerWrapper.find_class at 0x14cc8f9674c0}
       14    0.000    0.000    0.000    0.000 argparse.py:2419(_get_values)
       14    0.000    0.000    0.000    0.000 enum.py:358(__call__)
        3    0.000    0.000    0.000    0.000 subprocess.py:282(_args_from_interpreter_flags)
       38    0.000    0.000    0.000    0.000 {built-in method posix.get_terminal_size}
  422/401    0.000    0.000    0.000    0.000 {built-in method builtins.len}
        5    0.000    0.000    0.000    0.000 <frozen importlib._bootstrap_external>:1509(_get_spec)
        6    0.000    0.000    0.000    0.000 locale.py:386(normalize)
        1    0.000    0.000    0.000    0.000 argparse.py:116(__repr__)
        2    0.000    0.000    0.000    0.000 signal.py:24(_int_to_enum)
      591    0.000    0.000    0.000    0.000 {method 'append' of 'list' objects}
       28    0.000    0.000    0.000    0.000 {method 'storage' of 'torch._C._TensorBase' objects}
        1    0.000    0.000    0.000    0.000 {built-in method builtins.repr}
       13    0.000    0.000    0.000    0.000 pathlib.py:752(__fspath__)
       93    0.000    0.000    0.000    0.000 os.py:754(encode)
        4    0.000    0.000    0.000    0.000 signal.py:70(<genexpr>)
        8    0.000    0.000    0.000    0.000 {built-in method builtins.print}
        4    0.000    0.000    0.000    0.000 pathlib.py:702(_from_parts)
        4    0.000    0.000    0.000    0.000 weakref.py:165(__setitem__)
       40    0.000    0.000    0.000    0.000 <frozen importlib._bootstrap_external>:121(_path_join)
        5    0.000    0.000    0.000    0.000 <frozen importlib._bootstrap_external>:491(_get_cached)
        2    0.000    0.000    0.000    0.000 selectors.py:348(__init__)
       52    0.000    0.000    0.000    0.000 <frozen importlib._bootstrap>:398(parent)
      548    0.000    0.000    0.000    0.000 {built-in method builtins.isinstance}
        5    0.000    0.000    0.000    0.000 <frozen importlib._bootstrap>:166(_get_module_lock)
        2    0.000    0.000    0.000    0.000 spawn.py:150(get_preparation_data)
        4    0.000    0.000    0.000    0.000 pathlib.py:1079(__new__)
        7    0.000    0.000    0.000    0.000 {method 'update' of 'dict' objects}
        9    0.000    0.000    0.000    0.000 <frozen importlib._bootstrap>:385(cached)
        6    0.000    0.000    0.000    0.000 sre_compile.py:560(_compile_info)
       38    0.000    0.000    0.000    0.000 argparse.py:1453(_add_action)
        8    0.000    0.000    0.000    0.000 <frozen importlib._bootstrap_external>:361(cache_from_source)
        2    0.000    0.000    0.000    0.000 main.py:91(get_job_dir)
       38    0.000    0.000    0.000    0.000 argparse.py:591(_format_args)
        2    0.000    0.000    0.000    0.000 spawn.py:78(get_command_line)
        6    0.000    0.000    0.000    0.000 gettext.py:211(_expand_lang)
       14    0.000    0.000    0.000    0.000 argparse.py:1917(take_action)
       32    0.000    0.000    0.000    0.000 random.py:343(choice)
       15    0.000    0.000    0.000    0.000 serialization.py:873(find_class)
        4    0.000    0.000    0.000    0.000 util.py:171(register_after_fork)
        4    0.000    0.000    0.000    0.000 tempfile.py:152(<listcomp>)
        5    0.000    0.000    0.000    0.000 <frozen importlib._bootstrap>:156(__enter__)
       17    0.000    0.000    0.000    0.000 pathlib.py:64(parse_parts)
        4    0.000    0.000    0.000    0.000 synchronize.py:84(_cleanup)
        2    0.000    0.000    0.000    0.000 signal.py:67(pthread_sigmask)
        7    0.000    0.000    0.000    0.000 {method 'set_' of 'torch._C._TensorBase' objects}
       38    0.000    0.000    0.000    0.000 argparse.py:1642(_add_action)
     21/6    0.000    0.000    0.000    0.000 sre_compile.py:87(_compile)
       89    0.000    0.000    0.000    0.000 os.py:674(__getitem__)
        5    0.000    0.000    0.000    0.000 <frozen importlib._bootstrap>:486(_init_module_attrs)
        6    0.000    0.000    0.000    0.000 util.py:186(__init__)
       38    0.000    0.000    0.000    0.000 argparse.py:1804(_add_action)
        4    0.000    0.000    0.000    0.000 reduction.py:38(__init__)
        6    0.000    0.000    0.000    0.000 util.py:205(__call__)
       12    0.000    0.000    0.000    0.000 argparse.py:2145(_match_argument)
       36    0.000    0.000    0.000    0.000 argparse.py:1533(_get_optional_kwargs)
        2    0.000    0.000    0.000    0.000 argparse.py:2167(_match_arguments_partial)
        2    0.000    0.000    0.000    0.000 process.py:80(__init__)
       17    0.000    0.000    0.000    0.000 pathlib.py:682(_parse_args)
       14    0.000    0.000    0.000    0.000 reductions.py:137(reduce_tensor)
        2    0.000    0.000    0.000    0.000 argparse.py:2015(consume_positionals)
       11    0.000    0.000    0.000    0.000 {built-in method builtins.__build_class__}
        6    0.000    0.000    0.000    0.000 sre_compile.py:622(_code)
       13    0.000    0.000    0.000    0.000 pathlib.py:736(_make_child)
        4    0.000    0.000    0.000    0.000 tempfile.py:149(__next__)
        4    0.000    0.000    0.000    0.000 {built-in method marshal.loads}
       13    0.000    0.000    0.000    0.000 pathlib.py:966(joinpath)
        7    0.000    0.000    0.000    0.000 {built-in method tensor}
     11/7    0.000    0.000    0.000    0.000 sre_parse.py:494(_parse)
        4    0.000    0.000    0.000    0.000 <frozen importlib._bootstrap_external>:645(_compile_bytecode)
        1    0.000    0.000    0.000    0.000 {built-in method _imp.create_dynamic}
       16    0.000    0.000    0.000    0.000 {built-in method builtins.next}
       12    0.000    0.000    0.000    0.000 argparse.py:1938(consume_optional)
        1    0.000    0.000    0.000    0.000 <frozen importlib._bootstrap_external>:1171(create_module)
       12    0.000    0.000    0.000    0.000 genericpath.py:16(exists)
       38    0.000    0.000    0.000    0.000 shutil.py:1342(get_terminal_size)
        3    0.000    0.000    0.000    0.000 argparse.py:1310(__init__)
     10/6    0.000    0.000    0.000    0.000 sre_parse.py:436(_parse_sub)
        4    0.000    0.000    0.000    0.000 __init__.py:7(_make_name)
        1    0.000    0.000    0.000    0.000 {built-in method posix.open}
        1    0.000    0.000    0.000    0.000 pathlib.py:1118(_opener)
       13    0.000    0.000    0.000    0.000 re.py:188(match)
       14    0.000    0.000    0.000    0.000 reductions.py:314(reduce_storage)
        6    0.000    0.000    0.000    0.000 sre_parse.py:944(parse)
        1    0.000    0.000    0.000    0.000 {built-in method posix.listdir}
        1    0.000    0.000    0.000    0.000 pathlib.py:1246(open)
        2    0.000    0.000    0.000    0.000 pathlib.py:1419(exists)
        4    0.000    0.000    0.000    0.000 pathlib.py:1227(stat)
        7    0.000    0.000    0.000    0.000 _utils.py:130(_rebuild_tensor)
        1    0.000    0.000    0.000    0.000 ddp.py:27(get_ddp_config)
        7    0.000    0.000    0.000    0.000 _utils.py:136(_rebuild_tensor_v2)
        5    0.000    0.000    0.000    0.000 <frozen importlib._bootstrap>:558(module_from_spec)
        3    0.000    0.000    0.000    0.000 gettext.py:542(find)
       79    0.000    0.000    0.000    0.000 re.py:250(compile)
        3    0.000    0.000    0.000    0.000 gettext.py:583(translation)
        3    0.000    0.000    0.000    0.000 gettext.py:664(dgettext)
        3    0.000    0.000    0.000    0.000 gettext.py:741(gettext)
        1    0.000    0.000    0.001    0.001 argparse.py:1870(_parse_known_args)
        6    0.000    0.000    0.001    0.000 sre_compile.py:783(compile)
        1    0.000    0.000    0.001    0.001 argparse.py:1831(parse_known_args)
        1    0.000    0.000    0.001    0.001 argparse.py:1824(parse_args)
       38    0.000    0.000    0.001    0.000 argparse.py:161(__init__)
       38    0.000    0.000    0.001    0.000 argparse.py:2541(_get_formatter)
       92    0.000    0.000    0.001    0.000 re.py:289(_compile)
        5    0.000    0.000    0.001    0.000 <frozen importlib._bootstrap_external>:145(_path_is_mode_type)
        7    0.000    0.000    0.001    0.000 serialization.py:210(__init__)
        5    0.000    0.000    0.001    0.000 <frozen importlib._bootstrap_external>:154(_path_isfile)
        7    0.000    0.000    0.001    0.000 serialization.py:228(_open_file_like)
       17    0.000    0.000    0.001    0.000 <frozen importlib._bootstrap_external>:135(_path_stat)
        1    0.000    0.000    0.001    0.001 argparse.py:1693(__init__)
        1    0.000    0.000    0.001    0.001 resource_tracker.py:18(<module>)
        7    0.001    0.000    0.001    0.000 serialization.py:241(__init__)
        4    0.000    0.000    0.001    0.000 {method 'dump' of '_pickle.Pickler' objects}
        7    0.001    0.000    0.001    0.000 {method '__exit__' of '_io._IOBase' objects}
        1    0.000    0.000    0.001    0.001 popen_spawn_posix.py:1(<module>)
        8    0.000    0.000    0.001    0.000 <frozen importlib._bootstrap_external>:1514(find_spec)
        5    0.000    0.000    0.001    0.000 <frozen importlib._bootstrap_external>:1383(_get_spec)
        5    0.000    0.000    0.001    0.000 <frozen importlib._bootstrap_external>:1415(find_spec)
        4    0.000    0.000    0.001    0.000 reduction.py:58(dump)
        5    0.000    0.000    0.001    0.000 <frozen importlib._bootstrap>:901(_find_spec)
       38    0.000    0.000    0.001    0.000 argparse.py:1392(add_argument)
       10    0.001    0.000    0.001    0.000 {built-in method io.open}
       32    0.001    0.000    0.001    0.000 {method 'read' of '_io.BufferedReader' objects}
        7    0.000    0.000    0.001    0.000 serialization.py:45(_is_zipfile)
       33    0.002    0.000    0.002    0.000 {built-in method posix.stat}
        7    0.002    0.000    0.002    0.000 {method 'close' of '_io.BufferedReader' objects}
        7    0.000    0.000    0.002    0.000 serialization.py:213(__exit__)
        2    0.000    0.000    0.002    0.001 {built-in method builtins.__import__}
    32/28    0.000    0.000    0.002    0.000 <frozen importlib._bootstrap>:1033(_handle_fromlist)
        1    0.000    0.000    0.002    0.002 parser.py:15(make_parser)
      4/2    0.000    0.000    0.002    0.001 {built-in method builtins.exec}
      8/2    0.000    0.000    0.002    0.001 <frozen importlib._bootstrap>:220(_call_with_frames_removed)
       10    0.000    0.000    0.005    0.000 resource_tracker.py:70(ensure_running)
        4    0.000    0.000    0.005    0.001 resource_tracker.py:145(register)
        8    0.000    0.000    0.005    0.001 resource_tracker.py:153(_send)
        2    0.000    0.000    0.006    0.003 popen_spawn_posix.py:38(_launch)
        2    0.000    0.000    0.006    0.003 popen_fork.py:15(__init__)
        2    0.000    0.000    0.006    0.003 popen_spawn_posix.py:30(__init__)
        4    0.000    0.000    0.008    0.002 synchronize.py:50(__init__)
        4    0.000    0.000    0.008    0.002 synchronize.py:161(__init__)
        4    0.000    0.000    0.008    0.002 context.py:65(Lock)
        2    0.000    0.000    0.008    0.004 queues.py:339(__init__)
        2    0.000    0.000    0.008    0.004 context.py:110(SimpleQueue)
        4    0.008    0.002    0.008    0.002 {built-in method io.open_code}
        3    0.009    0.003    0.009    0.003 {built-in method _posixsubprocess.fork_exec}
        3    0.000    0.000    0.009    0.003 util.py:447(spawnv_passfds)
        4    0.000    0.000    0.009    0.002 <frozen importlib._bootstrap_external>:1036(get_data)
        4    0.000    0.000    0.009    0.002 <frozen importlib._bootstrap_external>:916(get_code)
      4/2    0.000    0.000    0.011    0.005 <frozen importlib._bootstrap_external>:844(exec_module)
      5/2    0.000    0.000    0.011    0.005 <frozen importlib._bootstrap>:659(_load_unlocked)
      5/2    0.000    0.000    0.012    0.006 <frozen importlib._bootstrap>:967(_find_and_load_unlocked)
       18    0.012    0.001    0.012    0.001 {method '_share_fd_' of 'torch._C.LongStorageBase' objects}
      5/2    0.000    0.000    0.012    0.006 <frozen importlib._bootstrap>:1002(_find_and_load)
        2    0.000    0.000    0.016    0.008 context.py:281(_Popen)
        2    0.000    0.000    0.016    0.008 process.py:110(start)
        7    0.027    0.004    0.027    0.004 serialization.py:841(load_tensor)
        7    0.000    0.000    0.027    0.004 serialization.py:848(persistent_load)
        7    0.000    0.000    0.027    0.004 {method 'load' of '_pickle.Unpickler' objects}
        7    0.001    0.000    0.028    0.004 serialization.py:836(_load)
        3    0.031    0.010    0.031    0.010 {method '_share_fd_' of 'torch._C.HalfStorageBase' objects}
        7    0.000    0.000    0.033    0.005 serialization.py:502(load)
        1    0.000    0.000    0.034    0.034 dataset.py:75(<dictcomp>)
        1    0.000    0.000    0.034    0.034 dataset.py:71(from_path_if_exists)
        1    0.000    0.000    0.034    0.034 dataset.py:59(from_path)
        1    0.000    0.000    0.034    0.034 main.py:23(get_dataset)
        7    0.000    0.000    0.042    0.006 storage.py:130(share_memory_)
        7    0.000    0.000    0.042    0.006 _tensor.py:418(share_memory_)
        1    0.000    0.000    0.042    0.042 dataset.py:96(share_memory_)
        3    0.535    0.178    0.535    0.178 {built-in method posix.waitpid}
        2    0.000    0.000    0.535    0.268 popen_fork.py:36(wait)
        5    0.000    0.000    0.535    0.107 popen_fork.py:24(poll)
        2    0.000    0.000    0.535    0.268 process.py:142(join)
        2  152.450   76.225  152.450   76.225 {method 'poll' of 'select.poll' objects}
        2    0.000    0.000  152.450   76.225 selectors.py:403(select)
        2    0.000    0.000  152.451   76.225 connection.py:922(wait)
        2    0.000    0.000  152.986   76.493 spawn.py:81(join)
        1    0.000    0.000  153.010  153.010 spawn.py:168(start_processes)
        1    0.000    0.000  153.010  153.010 spawn.py:192(spawn)


